mode: set
github.com/Snoop-Duck/ToDoList/cmd/notes/main.go:28.50,40.2 6 0
github.com/Snoop-Duck/ToDoList/cmd/notes/main.go:42.13,44.16 2 0
github.com/Snoop-Duck/ToDoList/cmd/notes/main.go:44.16,45.13 1 0
github.com/Snoop-Duck/ToDoList/cmd/notes/main.go:48.2,58.15 7 0
github.com/Snoop-Duck/ToDoList/cmd/notes/main.go:58.15,60.3 1 0
github.com/Snoop-Duck/ToDoList/cmd/notes/main.go:61.2,62.16 2 0
github.com/Snoop-Duck/ToDoList/cmd/notes/main.go:62.16,64.3 1 0
github.com/Snoop-Duck/ToDoList/cmd/notes/main.go:66.2,69.16 4 0
github.com/Snoop-Duck/ToDoList/cmd/notes/main.go:69.16,72.3 2 0
github.com/Snoop-Duck/ToDoList/cmd/notes/main.go:73.2,73.54 1 0
github.com/Snoop-Duck/ToDoList/cmd/notes/main.go:73.54,77.3 3 0
github.com/Snoop-Duck/ToDoList/cmd/notes/main.go:79.2,81.12 2 0
github.com/Snoop-Duck/ToDoList/cmd/notes/main.go:81.12,85.7 3 0
github.com/Snoop-Duck/ToDoList/cmd/notes/main.go:85.7,86.11 1 0
github.com/Snoop-Duck/ToDoList/cmd/notes/main.go:87.20,88.50 1 0
github.com/Snoop-Duck/ToDoList/cmd/notes/main.go:88.50,90.6 1 0
github.com/Snoop-Duck/ToDoList/cmd/notes/main.go:90.11,92.6 1 0
github.com/Snoop-Duck/ToDoList/cmd/notes/main.go:93.22,95.11 2 0
github.com/Snoop-Duck/ToDoList/cmd/notes/main.go:100.2,104.24 3 0
github.com/Snoop-Duck/ToDoList/cmd/notes/main.go:104.24,106.81 2 0
github.com/Snoop-Duck/ToDoList/cmd/notes/main.go:106.81,108.4 1 0
github.com/Snoop-Duck/ToDoList/cmd/notes/main.go:109.3,109.13 1 0
github.com/Snoop-Duck/ToDoList/cmd/notes/main.go:112.2,112.24 1 0
github.com/Snoop-Duck/ToDoList/cmd/notes/main.go:112.24,118.52 4 0
github.com/Snoop-Duck/ToDoList/cmd/notes/main.go:118.52,121.4 2 0
github.com/Snoop-Duck/ToDoList/cmd/notes/main.go:122.3,122.42 1 0
github.com/Snoop-Duck/ToDoList/cmd/notes/main.go:122.42,125.4 2 0
github.com/Snoop-Duck/ToDoList/cmd/notes/main.go:127.3,127.48 1 0
github.com/Snoop-Duck/ToDoList/cmd/notes/main.go:127.48,129.4 1 0
github.com/Snoop-Duck/ToDoList/cmd/notes/main.go:131.3,131.13 1 0
github.com/Snoop-Duck/ToDoList/cmd/notes/main.go:134.2,134.37 1 0
github.com/Snoop-Duck/ToDoList/cmd/notes/main.go:134.37,135.44 1 0
github.com/Snoop-Duck/ToDoList/cmd/notes/main.go:135.44,137.4 1 0
github.com/Snoop-Duck/ToDoList/cmd/notes/main.go:139.2,139.46 1 0
github.com/Snoop-Duck/ToDoList/internal/services/note/note-service.go:21.44,23.2 1 0
github.com/Snoop-Duck/ToDoList/internal/services/note/note-service.go:24.68,28.16 3 0
github.com/Snoop-Duck/ToDoList/internal/services/note/note-service.go:28.16,30.3 1 0
github.com/Snoop-Duck/ToDoList/internal/services/note/note-service.go:31.2,31.22 1 0
github.com/Snoop-Duck/ToDoList/internal/services/note/note-service.go:34.57,36.16 2 0
github.com/Snoop-Duck/ToDoList/internal/services/note/note-service.go:36.16,38.3 1 0
github.com/Snoop-Duck/ToDoList/internal/services/note/note-service.go:39.2,39.19 1 0
github.com/Snoop-Duck/ToDoList/internal/services/note/note-service.go:42.69,44.16 2 0
github.com/Snoop-Duck/ToDoList/internal/services/note/note-service.go:44.16,46.3 1 0
github.com/Snoop-Duck/ToDoList/internal/services/note/note-service.go:47.2,47.18 1 0
github.com/Snoop-Duck/ToDoList/internal/services/note/note-service.go:50.58,52.16 2 0
github.com/Snoop-Duck/ToDoList/internal/services/note/note-service.go:52.16,54.3 1 0
github.com/Snoop-Duck/ToDoList/internal/services/note/note-service.go:55.2,55.12 1 0
github.com/Snoop-Duck/ToDoList/internal/services/note/note-service.go:58.75,60.16 2 0
github.com/Snoop-Duck/ToDoList/internal/services/note/note-service.go:60.16,62.3 1 0
github.com/Snoop-Duck/ToDoList/internal/services/note/note-service.go:63.2,63.12 1 0
github.com/Snoop-Duck/ToDoList/internal/services/db-sync.go:16.48,21.2 1 0
github.com/Snoop-Duck/ToDoList/internal/services/db-sync.go:23.35,25.16 2 0
github.com/Snoop-Duck/ToDoList/internal/services/db-sync.go:25.16,27.3 1 0
github.com/Snoop-Duck/ToDoList/internal/services/db-sync.go:29.2,30.57 2 0
github.com/Snoop-Duck/ToDoList/internal/services/db-sync.go:30.57,32.3 1 0
github.com/Snoop-Duck/ToDoList/internal/services/db-sync.go:34.2,34.33 1 0
github.com/Snoop-Duck/ToDoList/internal/services/db-sync.go:34.33,35.50 1 0
github.com/Snoop-Duck/ToDoList/internal/services/db-sync.go:35.50,36.12 1 0
github.com/Snoop-Duck/ToDoList/internal/services/db-sync.go:39.2,39.54 1 0
github.com/Snoop-Duck/ToDoList/internal/services/user/user-service.go:23.40,25.2 1 0
github.com/Snoop-Duck/ToDoList/internal/services/user/user-service.go:27.70,31.16 3 0
github.com/Snoop-Duck/ToDoList/internal/services/user/user-service.go:31.16,33.3 1 0
github.com/Snoop-Duck/ToDoList/internal/services/user/user-service.go:34.2,34.22 1 0
github.com/Snoop-Duck/ToDoList/internal/services/user/user-service.go:37.79,39.16 2 0
github.com/Snoop-Duck/ToDoList/internal/services/user/user-service.go:39.16,41.3 1 0
github.com/Snoop-Duck/ToDoList/internal/services/user/user-service.go:43.2,43.43 1 0
github.com/Snoop-Duck/ToDoList/internal/services/user/user-service.go:43.43,45.3 1 0
github.com/Snoop-Duck/ToDoList/internal/services/user/user-service.go:47.2,47.24 1 0
github.com/Snoop-Duck/ToDoList/internal/services/user/user-service.go:50.58,52.16 2 0
github.com/Snoop-Duck/ToDoList/internal/services/user/user-service.go:52.16,54.3 1 0
github.com/Snoop-Duck/ToDoList/internal/services/user/user-service.go:55.2,55.12 1 0
github.com/Snoop-Duck/ToDoList/internal/services/user/user-service.go:58.57,60.2 1 0
github.com/Snoop-Duck/ToDoList/internal/services/user/user-service.go:62.67,64.16 2 0
github.com/Snoop-Duck/ToDoList/internal/services/user/user-service.go:64.16,66.3 1 0
github.com/Snoop-Duck/ToDoList/internal/services/user/user-service.go:67.2,67.18 1 0
github.com/Snoop-Duck/ToDoList/internal/services/user/user-service.go:70.73,72.16 2 0
github.com/Snoop-Duck/ToDoList/internal/services/user/user-service.go:72.16,74.3 1 0
github.com/Snoop-Duck/ToDoList/internal/services/user/user-service.go:75.2,75.12 1 0
github.com/Snoop-Duck/ToDoList/internal/infrastructure/in-memory/in-memory.go:27.59,34.47 2 0
github.com/Snoop-Duck/ToDoList/internal/infrastructure/in-memory/in-memory.go:34.47,36.3 1 0
github.com/Snoop-Duck/ToDoList/internal/infrastructure/in-memory/in-memory.go:37.2,37.16 1 0
github.com/Snoop-Duck/ToDoList/internal/infrastructure/in-memory/in-memory.go:40.32,45.2 1 0
github.com/Snoop-Duck/ToDoList/internal/infrastructure/in-memory/in-memory.go:47.47,48.56 1 0
github.com/Snoop-Duck/ToDoList/internal/infrastructure/in-memory/in-memory.go:48.56,51.3 2 0
github.com/Snoop-Duck/ToDoList/internal/infrastructure/in-memory/in-memory.go:53.2,54.16 2 0
github.com/Snoop-Duck/ToDoList/internal/infrastructure/in-memory/in-memory.go:54.16,57.3 2 0
github.com/Snoop-Duck/ToDoList/internal/infrastructure/in-memory/in-memory.go:59.2,59.62 1 0
github.com/Snoop-Duck/ToDoList/internal/infrastructure/in-memory/in-memory.go:59.62,62.3 2 0
github.com/Snoop-Duck/ToDoList/internal/infrastructure/in-memory/in-memory.go:63.2,64.12 2 0
github.com/Snoop-Duck/ToDoList/internal/infrastructure/in-memory/in-memory.go:67.45,69.16 2 0
github.com/Snoop-Duck/ToDoList/internal/infrastructure/in-memory/in-memory.go:69.16,72.3 2 0
github.com/Snoop-Duck/ToDoList/internal/infrastructure/in-memory/in-memory.go:74.2,74.62 1 0
github.com/Snoop-Duck/ToDoList/internal/infrastructure/in-memory/in-memory.go:74.62,77.3 2 0
github.com/Snoop-Duck/ToDoList/internal/infrastructure/in-memory/in-memory.go:78.2,79.12 2 0
github.com/Snoop-Duck/ToDoList/internal/infrastructure/in-memory/notes.go:7.57,8.36 1 0
github.com/Snoop-Duck/ToDoList/internal/infrastructure/in-memory/notes.go:8.36,9.29 1 0
github.com/Snoop-Duck/ToDoList/internal/infrastructure/in-memory/notes.go:9.29,11.4 1 0
github.com/Snoop-Duck/ToDoList/internal/infrastructure/in-memory/notes.go:13.2,15.40 2 0
github.com/Snoop-Duck/ToDoList/internal/infrastructure/in-memory/notes.go:15.40,17.3 1 0
github.com/Snoop-Duck/ToDoList/internal/infrastructure/in-memory/notes.go:18.2,18.12 1 0
github.com/Snoop-Duck/ToDoList/internal/infrastructure/in-memory/notes.go:21.59,22.30 1 0
github.com/Snoop-Duck/ToDoList/internal/infrastructure/in-memory/notes.go:22.30,24.3 1 0
github.com/Snoop-Duck/ToDoList/internal/infrastructure/in-memory/notes.go:26.2,27.38 2 0
github.com/Snoop-Duck/ToDoList/internal/infrastructure/in-memory/notes.go:27.38,29.3 1 0
github.com/Snoop-Duck/ToDoList/internal/infrastructure/in-memory/notes.go:31.2,31.24 1 0
github.com/Snoop-Duck/ToDoList/internal/infrastructure/in-memory/notes.go:34.71,36.9 2 0
github.com/Snoop-Duck/ToDoList/internal/infrastructure/in-memory/notes.go:36.9,38.3 1 0
github.com/Snoop-Duck/ToDoList/internal/infrastructure/in-memory/notes.go:39.2,39.18 1 0
github.com/Snoop-Duck/ToDoList/internal/infrastructure/in-memory/notes.go:42.58,43.42 1 0
github.com/Snoop-Duck/ToDoList/internal/infrastructure/in-memory/notes.go:43.42,45.3 1 0
github.com/Snoop-Duck/ToDoList/internal/infrastructure/in-memory/notes.go:46.2,48.40 2 0
github.com/Snoop-Duck/ToDoList/internal/infrastructure/in-memory/notes.go:48.40,50.3 1 0
github.com/Snoop-Duck/ToDoList/internal/infrastructure/in-memory/notes.go:51.2,51.12 1 0
github.com/Snoop-Duck/ToDoList/internal/infrastructure/in-memory/notes.go:54.75,55.42 1 0
github.com/Snoop-Duck/ToDoList/internal/infrastructure/in-memory/notes.go:55.42,57.3 1 0
github.com/Snoop-Duck/ToDoList/internal/infrastructure/in-memory/notes.go:58.2,60.40 2 0
github.com/Snoop-Duck/ToDoList/internal/infrastructure/in-memory/notes.go:60.40,62.3 1 0
github.com/Snoop-Duck/ToDoList/internal/infrastructure/in-memory/notes.go:63.2,63.12 1 0
github.com/Snoop-Duck/ToDoList/internal/infrastructure/in-memory/users.go:7.58,8.36 1 0
github.com/Snoop-Duck/ToDoList/internal/infrastructure/in-memory/users.go:8.36,9.29 1 0
github.com/Snoop-Duck/ToDoList/internal/infrastructure/in-memory/users.go:9.29,11.4 1 0
github.com/Snoop-Duck/ToDoList/internal/infrastructure/in-memory/users.go:14.2,15.12 2 0
github.com/Snoop-Duck/ToDoList/internal/infrastructure/in-memory/users.go:18.68,19.36 1 0
github.com/Snoop-Duck/ToDoList/internal/infrastructure/in-memory/users.go:19.36,20.24 1 0
github.com/Snoop-Duck/ToDoList/internal/infrastructure/in-memory/users.go:20.24,22.4 1 0
github.com/Snoop-Duck/ToDoList/internal/infrastructure/in-memory/users.go:24.2,24.40 1 0
github.com/Snoop-Duck/ToDoList/internal/infrastructure/in-memory/users.go:27.58,28.42 1 0
github.com/Snoop-Duck/ToDoList/internal/infrastructure/in-memory/users.go:28.42,30.3 1 0
github.com/Snoop-Duck/ToDoList/internal/infrastructure/in-memory/users.go:31.2,32.12 2 0
github.com/Snoop-Duck/ToDoList/internal/infrastructure/in-memory/users.go:35.62,36.30 1 0
github.com/Snoop-Duck/ToDoList/internal/infrastructure/in-memory/users.go:36.30,38.3 1 0
github.com/Snoop-Duck/ToDoList/internal/infrastructure/in-memory/users.go:40.2,41.38 2 0
github.com/Snoop-Duck/ToDoList/internal/infrastructure/in-memory/users.go:41.38,43.3 1 0
github.com/Snoop-Duck/ToDoList/internal/infrastructure/in-memory/users.go:45.2,45.24 1 0
github.com/Snoop-Duck/ToDoList/internal/infrastructure/in-memory/users.go:48.71,50.9 2 0
github.com/Snoop-Duck/ToDoList/internal/infrastructure/in-memory/users.go:50.9,52.3 1 0
github.com/Snoop-Duck/ToDoList/internal/infrastructure/in-memory/users.go:53.2,53.18 1 0
github.com/Snoop-Duck/ToDoList/internal/infrastructure/in-memory/users.go:56.77,57.42 1 0
github.com/Snoop-Duck/ToDoList/internal/infrastructure/in-memory/users.go:57.42,59.3 1 0
github.com/Snoop-Duck/ToDoList/internal/infrastructure/in-memory/users.go:60.2,61.12 2 0
github.com/Snoop-Duck/ToDoList/internal/infrastructure/in-memory/users.go:64.40,64.54 1 0
github.com/Snoop-Duck/ToDoList/pkg/logger.go:15.40,16.17 1 0
github.com/Snoop-Duck/ToDoList/pkg/logger.go:16.17,20.77 4 0
github.com/Snoop-Duck/ToDoList/pkg/logger.go:20.77,22.39 2 0
github.com/Snoop-Duck/ToDoList/pkg/logger.go:22.39,23.23 1 0
github.com/Snoop-Duck/ToDoList/pkg/logger.go:23.23,25.11 2 0
github.com/Snoop-Duck/ToDoList/pkg/logger.go:28.4,28.43 1 0
github.com/Snoop-Duck/ToDoList/pkg/logger.go:31.3,32.33 2 0
github.com/Snoop-Duck/ToDoList/pkg/logger.go:32.33,34.4 1 0
github.com/Snoop-Duck/ToDoList/pkg/logger.go:36.3,42.49 1 0
github.com/Snoop-Duck/ToDoList/pkg/logger.go:45.2,45.12 1 0
github.com/Snoop-Duck/ToDoList/internal/infrastructure/db-storage/db_storage.go:24.64,26.16 2 0
github.com/Snoop-Duck/ToDoList/internal/infrastructure/db-storage/db_storage.go:26.16,28.3 1 0
github.com/Snoop-Duck/ToDoList/internal/infrastructure/db-storage/db_storage.go:30.2,37.21 3 0
github.com/Snoop-Duck/ToDoList/internal/infrastructure/db-storage/db_storage.go:40.36,44.2 3 0
github.com/Snoop-Duck/ToDoList/internal/infrastructure/db-storage/db_storage.go:46.41,49.16 3 0
github.com/Snoop-Duck/ToDoList/internal/infrastructure/db-storage/db_storage.go:49.16,51.3 1 0
github.com/Snoop-Duck/ToDoList/internal/infrastructure/db-storage/db_storage.go:52.2,54.61 2 0
github.com/Snoop-Duck/ToDoList/internal/infrastructure/db-storage/db_storage.go:54.61,56.3 1 0
github.com/Snoop-Duck/ToDoList/internal/infrastructure/db-storage/db_storage.go:57.2,57.12 1 0
github.com/Snoop-Duck/ToDoList/internal/infrastructure/db-storage/db_storage.go:60.42,64.6 3 0
github.com/Snoop-Duck/ToDoList/internal/infrastructure/db-storage/db_storage.go:64.6,65.10 1 0
github.com/Snoop-Duck/ToDoList/internal/infrastructure/db-storage/db_storage.go:66.22,68.10 2 0
github.com/Snoop-Duck/ToDoList/internal/infrastructure/db-storage/db_storage.go:69.19,70.29 1 0
github.com/Snoop-Duck/ToDoList/internal/infrastructure/db-storage/db_storage.go:71.24,72.47 1 0
github.com/Snoop-Duck/ToDoList/internal/infrastructure/db-storage/db_storage.go:72.47,74.5 1 0
github.com/Snoop-Duck/ToDoList/internal/infrastructure/db-storage/db_storage.go:79.51,84.16 4 0
github.com/Snoop-Duck/ToDoList/internal/infrastructure/db-storage/db_storage.go:84.16,86.3 1 0
github.com/Snoop-Duck/ToDoList/internal/infrastructure/db-storage/db_storage.go:87.2,98.16 3 0
github.com/Snoop-Duck/ToDoList/internal/infrastructure/db-storage/db_storage.go:98.16,100.3 1 0
github.com/Snoop-Duck/ToDoList/internal/infrastructure/db-storage/db_storage.go:102.2,102.23 1 0
github.com/Snoop-Duck/ToDoList/internal/infrastructure/db-storage/notes.go:11.54,17.16 4 0
github.com/Snoop-Duck/ToDoList/internal/infrastructure/db-storage/notes.go:17.16,19.3 1 0
github.com/Snoop-Duck/ToDoList/internal/infrastructure/db-storage/notes.go:20.2,20.12 1 0
github.com/Snoop-Duck/ToDoList/internal/infrastructure/db-storage/notes.go:23.55,29.16 5 0
github.com/Snoop-Duck/ToDoList/internal/infrastructure/db-storage/notes.go:29.16,32.3 2 0
github.com/Snoop-Duck/ToDoList/internal/infrastructure/db-storage/notes.go:33.2,36.18 3 0
github.com/Snoop-Duck/ToDoList/internal/infrastructure/db-storage/notes.go:36.18,38.121 2 0
github.com/Snoop-Duck/ToDoList/internal/infrastructure/db-storage/notes.go:38.121,41.4 2 0
github.com/Snoop-Duck/ToDoList/internal/infrastructure/db-storage/notes.go:42.3,42.40 1 0
github.com/Snoop-Duck/ToDoList/internal/infrastructure/db-storage/notes.go:44.2,44.24 1 0
github.com/Snoop-Duck/ToDoList/internal/infrastructure/db-storage/notes.go:47.67,57.16 7 0
github.com/Snoop-Duck/ToDoList/internal/infrastructure/db-storage/notes.go:57.16,60.3 2 0
github.com/Snoop-Duck/ToDoList/internal/infrastructure/db-storage/notes.go:61.2,61.18 1 0
github.com/Snoop-Duck/ToDoList/internal/infrastructure/db-storage/notes.go:64.54,70.16 4 0
github.com/Snoop-Duck/ToDoList/internal/infrastructure/db-storage/notes.go:70.16,72.3 1 0
github.com/Snoop-Duck/ToDoList/internal/infrastructure/db-storage/notes.go:74.2,74.9 1 0
github.com/Snoop-Duck/ToDoList/internal/infrastructure/db-storage/notes.go:75.35,75.35 0 0
github.com/Snoop-Duck/ToDoList/internal/infrastructure/db-storage/notes.go:76.10,76.10 0 0
github.com/Snoop-Duck/ToDoList/internal/infrastructure/db-storage/notes.go:79.2,79.12 1 0
github.com/Snoop-Duck/ToDoList/internal/infrastructure/db-storage/notes.go:82.71,90.2 4 0
github.com/Snoop-Duck/ToDoList/internal/infrastructure/db-storage/users.go:10.54,16.16 4 0
github.com/Snoop-Duck/ToDoList/internal/infrastructure/db-storage/users.go:16.16,18.3 1 0
github.com/Snoop-Duck/ToDoList/internal/infrastructure/db-storage/users.go:20.2,20.12 1 0
github.com/Snoop-Duck/ToDoList/internal/infrastructure/db-storage/users.go:23.64,31.16 6 0
github.com/Snoop-Duck/ToDoList/internal/infrastructure/db-storage/users.go:31.16,33.3 1 0
github.com/Snoop-Duck/ToDoList/internal/infrastructure/db-storage/users.go:35.2,35.18 1 0
github.com/Snoop-Duck/ToDoList/internal/infrastructure/db-storage/users.go:38.54,43.16 4 0
github.com/Snoop-Duck/ToDoList/internal/infrastructure/db-storage/users.go:43.16,45.3 1 0
github.com/Snoop-Duck/ToDoList/internal/infrastructure/db-storage/users.go:46.2,46.12 1 0
github.com/Snoop-Duck/ToDoList/internal/infrastructure/db-storage/users.go:49.58,54.16 4 0
github.com/Snoop-Duck/ToDoList/internal/infrastructure/db-storage/users.go:54.16,56.3 1 0
github.com/Snoop-Duck/ToDoList/internal/infrastructure/db-storage/users.go:58.2,59.18 2 0
github.com/Snoop-Duck/ToDoList/internal/infrastructure/db-storage/users.go:59.18,61.87 2 0
github.com/Snoop-Duck/ToDoList/internal/infrastructure/db-storage/users.go:61.87,63.4 1 0
github.com/Snoop-Duck/ToDoList/internal/infrastructure/db-storage/users.go:64.3,64.40 1 0
github.com/Snoop-Duck/ToDoList/internal/infrastructure/db-storage/users.go:66.2,66.24 1 0
github.com/Snoop-Duck/ToDoList/internal/infrastructure/db-storage/users.go:69.67,76.16 6 0
github.com/Snoop-Duck/ToDoList/internal/infrastructure/db-storage/users.go:76.16,78.3 1 0
github.com/Snoop-Duck/ToDoList/internal/infrastructure/db-storage/users.go:79.2,79.18 1 0
github.com/Snoop-Duck/ToDoList/internal/infrastructure/db-storage/users.go:82.73,87.16 4 0
github.com/Snoop-Duck/ToDoList/internal/infrastructure/db-storage/users.go:87.16,89.3 1 0
github.com/Snoop-Duck/ToDoList/internal/infrastructure/db-storage/users.go:90.2,90.12 1 0
github.com/Snoop-Duck/ToDoList/internal/server/note.go:13.49,15.44 2 0
github.com/Snoop-Duck/ToDoList/internal/server/note.go:15.44,18.3 2 0
github.com/Snoop-Duck/ToDoList/internal/server/note.go:19.2,22.16 3 0
github.com/Snoop-Duck/ToDoList/internal/server/note.go:22.16,25.3 2 0
github.com/Snoop-Duck/ToDoList/internal/server/note.go:26.2,26.56 1 0
github.com/Snoop-Duck/ToDoList/internal/server/note.go:29.47,36.16 6 0
github.com/Snoop-Duck/ToDoList/internal/server/note.go:36.16,39.3 2 0
github.com/Snoop-Duck/ToDoList/internal/server/note.go:40.2,40.57 1 0
github.com/Snoop-Duck/ToDoList/internal/server/note.go:43.48,47.16 4 0
github.com/Snoop-Duck/ToDoList/internal/server/note.go:47.16,50.3 2 0
github.com/Snoop-Duck/ToDoList/internal/server/note.go:51.2,51.55 1 0
github.com/Snoop-Duck/ToDoList/internal/server/note.go:54.49,58.16 4 0
github.com/Snoop-Duck/ToDoList/internal/server/note.go:58.16,61.3 2 0
github.com/Snoop-Duck/ToDoList/internal/server/note.go:62.2,62.55 1 0
github.com/Snoop-Duck/ToDoList/internal/server/note.go:65.49,67.44 2 0
github.com/Snoop-Duck/ToDoList/internal/server/note.go:67.44,70.3 2 0
github.com/Snoop-Duck/ToDoList/internal/server/note.go:71.2,74.16 4 0
github.com/Snoop-Duck/ToDoList/internal/server/note.go:74.16,77.3 2 0
github.com/Snoop-Duck/ToDoList/internal/server/note.go:78.2,78.54 1 0
github.com/Snoop-Duck/ToDoList/internal/server/server.go:49.84,65.2 6 0
github.com/Snoop-Duck/ToDoList/internal/server/server.go:67.35,70.2 2 0
github.com/Snoop-Duck/ToDoList/internal/server/server.go:72.55,74.2 1 0
github.com/Snoop-Duck/ToDoList/internal/server/server.go:76.38,91.34 5 0
github.com/Snoop-Duck/ToDoList/internal/server/server.go:91.34,94.48 2 0
github.com/Snoop-Duck/ToDoList/internal/server/server.go:94.48,96.4 1 0
github.com/Snoop-Duck/ToDoList/internal/server/server.go:97.3,97.11 1 0
github.com/Snoop-Duck/ToDoList/internal/server/server.go:100.2,102.2 3 0
github.com/Snoop-Duck/ToDoList/internal/server/server.go:102.2,109.3 6 0
github.com/Snoop-Duck/ToDoList/internal/server/server.go:110.2,111.2 2 0
github.com/Snoop-Duck/ToDoList/internal/server/server.go:111.2,117.3 5 0
github.com/Snoop-Duck/ToDoList/internal/server/server.go:118.2,118.33 1 0
github.com/Snoop-Duck/ToDoList/internal/server/server.go:121.55,122.32 1 0
github.com/Snoop-Duck/ToDoList/internal/server/server.go:122.32,124.18 2 0
github.com/Snoop-Duck/ToDoList/internal/server/server.go:124.18,128.4 3 0
github.com/Snoop-Duck/ToDoList/internal/server/server.go:129.3,130.17 2 0
github.com/Snoop-Duck/ToDoList/internal/server/server.go:130.17,134.4 3 0
github.com/Snoop-Duck/ToDoList/internal/server/server.go:135.3,137.13 3 0
github.com/Snoop-Duck/ToDoList/internal/server/server.go:141.43,147.16 3 0
github.com/Snoop-Duck/ToDoList/internal/server/server.go:147.16,149.3 1 0
github.com/Snoop-Duck/ToDoList/internal/server/server.go:150.2,150.25 1 0
github.com/Snoop-Duck/ToDoList/internal/server/server.go:153.59,155.102 2 0
github.com/Snoop-Duck/ToDoList/internal/server/server.go:155.102,157.3 1 0
github.com/Snoop-Duck/ToDoList/internal/server/server.go:158.2,158.16 1 0
github.com/Snoop-Duck/ToDoList/internal/server/server.go:158.16,160.3 1 0
github.com/Snoop-Duck/ToDoList/internal/server/server.go:162.2,162.18 1 0
github.com/Snoop-Duck/ToDoList/internal/server/server.go:162.18,164.3 1 0
github.com/Snoop-Duck/ToDoList/internal/server/server.go:166.2,166.28 1 0
github.com/Snoop-Duck/ToDoList/internal/server/user.go:13.44,17.50 2 0
github.com/Snoop-Duck/ToDoList/internal/server/user.go:17.50,20.3 2 0
github.com/Snoop-Duck/ToDoList/internal/server/user.go:22.2,25.16 3 0
github.com/Snoop-Duck/ToDoList/internal/server/user.go:25.16,28.3 2 0
github.com/Snoop-Duck/ToDoList/internal/server/user.go:30.2,31.16 2 0
github.com/Snoop-Duck/ToDoList/internal/server/user.go:31.16,34.3 2 0
github.com/Snoop-Duck/ToDoList/internal/server/user.go:35.2,36.55 2 0
github.com/Snoop-Duck/ToDoList/internal/server/user.go:39.47,42.50 2 0
github.com/Snoop-Duck/ToDoList/internal/server/user.go:42.50,45.3 2 0
github.com/Snoop-Duck/ToDoList/internal/server/user.go:47.2,50.16 3 0
github.com/Snoop-Duck/ToDoList/internal/server/user.go:50.16,53.3 2 0
github.com/Snoop-Duck/ToDoList/internal/server/user.go:54.2,55.16 2 0
github.com/Snoop-Duck/ToDoList/internal/server/user.go:55.16,58.3 2 0
github.com/Snoop-Duck/ToDoList/internal/server/user.go:59.2,60.58 2 0
github.com/Snoop-Duck/ToDoList/internal/server/user.go:63.49,67.16 4 0
github.com/Snoop-Duck/ToDoList/internal/server/user.go:67.16,70.3 2 0
github.com/Snoop-Duck/ToDoList/internal/server/user.go:71.2,71.55 1 0
github.com/Snoop-Duck/ToDoList/internal/server/user.go:74.47,77.16 3 0
github.com/Snoop-Duck/ToDoList/internal/server/user.go:77.16,80.3 2 0
github.com/Snoop-Duck/ToDoList/internal/server/user.go:81.2,81.54 1 0
github.com/Snoop-Duck/ToDoList/internal/server/user.go:84.48,88.16 4 0
github.com/Snoop-Duck/ToDoList/internal/server/user.go:88.16,91.3 2 0
github.com/Snoop-Duck/ToDoList/internal/server/user.go:92.2,92.52 1 0
github.com/Snoop-Duck/ToDoList/internal/server/user.go:95.51,100.16 5 0
github.com/Snoop-Duck/ToDoList/internal/server/user.go:100.16,103.3 2 0
github.com/Snoop-Duck/ToDoList/internal/server/user.go:104.2,104.54 1 0
github.com/Snoop-Duck/ToDoList/internal/domain/notes/notes.go:22.49,30.2 1 0
github.com/Snoop-Duck/ToDoList/internal/domain/notes/statuses.go:14.33,16.2 1 0
github.com/Snoop-Duck/ToDoList/internal/domain/notes/statuses.go:18.40,19.16 1 0
github.com/Snoop-Duck/ToDoList/internal/domain/notes/statuses.go:20.13,21.13 1 0
github.com/Snoop-Duck/ToDoList/internal/domain/notes/statuses.go:22.16,23.16 1 0
github.com/Snoop-Duck/ToDoList/internal/domain/notes/statuses.go:24.18,25.18 1 0
github.com/Snoop-Duck/ToDoList/internal/domain/notes/statuses.go:26.17,27.17 1 0
github.com/Snoop-Duck/ToDoList/internal/domain/notes/statuses.go:28.10,29.12 1 0
github.com/Snoop-Duck/ToDoList/internal/config.go:23.36,32.29 7 1
github.com/Snoop-Duck/ToDoList/internal/config.go:32.29,34.3 1 1
github.com/Snoop-Duck/ToDoList/internal/config.go:36.2,36.29 1 1
github.com/Snoop-Duck/ToDoList/internal/config.go:36.29,39.17 3 1
github.com/Snoop-Duck/ToDoList/internal/config.go:39.17,41.4 1 1
github.com/Snoop-Duck/ToDoList/internal/config.go:42.3,42.21 1 1
github.com/Snoop-Duck/ToDoList/internal/config.go:45.2,45.32 1 1
github.com/Snoop-Duck/ToDoList/internal/config.go:45.32,47.3 1 1
github.com/Snoop-Duck/ToDoList/internal/config.go:49.2,49.18 1 1
